18:01:18: Creating resource group General
18:01:18: Creating resource group Internal
18:01:18: Creating resource group Autodetect
18:01:18: SceneManagerFactory for type 'DefaultSceneManager' registered.
18:01:18: Registering ResourceManager for type Material
18:01:18: Registering ResourceManager for type Mesh
18:01:18: Registering ResourceManager for type Skeleton
18:01:18: MovableObjectFactory for type 'ParticleSystem' registered.
18:01:18: ArchiveFactory for archive type FileSystem registered.
18:01:18: ArchiveFactory for archive type Zip registered.
18:01:18: ArchiveFactory for archive type EmbeddedZip registered.
18:01:18: DDS codec registering
18:01:18: FreeImage version: 3.18.0
18:01:18: This program uses FreeImage, a free, open source image library supporting all common bitmap formats. See http://freeimage.sourceforge.net for details
18:01:18: Supported formats: bmp,ico,jpg,jif,jpeg,jpe,jng,koa,iff,lbm,mng,pbm,pbm,pcd,pcx,pgm,pgm,png,ppm,ppm,ras,tga,targa,tif,tiff,wap,wbmp,wbm,psd,psb,cut,xbm,xpm,gif,hdr,g3,sgi,rgb,rgba,bw,exr,j2k,j2c,jp2,pfm,pct,pict,pic,3fr,arw,bay,bmq,cap,cine,cr2,crw,cs1,dc2,dcr,drf,dsc,dng,erf,fff,ia,iiq,k25,kc2,kdc,mdc,mef,mos,mrw,nef,nrw,orf,pef,ptx,pxn,qtk,raf,raw,rdc,rw2,rwl,rwz,sr2,srf,srw,sti,x3f,webp,jxr,wdp,hdp
18:01:18: ETC codec registering
18:01:18: Registering ResourceManager for type HighLevelGpuProgram
18:01:18: Registering ResourceManager for type Compositor
18:01:18: MovableObjectFactory for type 'Entity' registered.
18:01:18: MovableObjectFactory for type 'Light' registered.
18:01:18: MovableObjectFactory for type 'BillboardSet' registered.
18:01:18: MovableObjectFactory for type 'ManualObject' registered.
18:01:18: MovableObjectFactory for type 'BillboardChain' registered.
18:01:18: MovableObjectFactory for type 'RibbonTrail' registered.
18:01:18: Loading library .\RenderSystem_GL_d
18:01:18: Installing plugin: GL RenderSystem
18:01:18: OpenGL Rendering Subsystem created.
18:01:18: Plugin successfully installed
18:01:18: Loading library .\Plugin_OctreeSceneManager_d
18:01:18: Installing plugin: Octree Scene Manager
18:01:18: Plugin successfully installed
18:01:18: *-*-* OGRE Initialising
18:01:18: *-*-* Version 1.9.0 (Ghadamon)
18:01:18: CPU Identifier & Features
18:01:18: -------------------------
18:01:18:  *   CPU ID: GenuineIntel: Intel(R) Core(TM) i7-4700HQ CPU @ 2.40GHz
18:01:18:  *      SSE: yes
18:01:18:  *     SSE2: yes
18:01:18:  *     SSE3: yes
18:01:18:  *      MMX: yes
18:01:18:  *   MMXEXT: yes
18:01:18:  *    3DNOW: no
18:01:18:  * 3DNOWEXT: no
18:01:18:  *     CMOV: yes
18:01:18:  *      TSC: yes
18:01:18:  *      FPU: yes
18:01:18:  *      PRO: yes
18:01:18:  *       HT: no
18:01:18: -------------------------
18:01:18: *** Starting Win32GL Subsystem ***
18:01:18: Registering ResourceManager for type Texture
18:01:18: GLRenderSystem::_createRenderWindow "이번엔 핵엔슬래시", 1024x768 windowed  miscParams: FSAA=0 FSAAHint= colourDepth=32 displayFrequency=0 gamma=false vsync=false vsyncInterval=1 
18:01:18: Created Win32Window '이번엔 핵엔슬래시' : 1040x806, 32bpp
18:01:19: GL_VERSION = 4.2.0 - Build 10.18.10.3383
18:01:19: GL_VENDOR = Intel
18:01:19: GL_RENDERER = Intel(R) HD Graphics 4600
18:01:19: GL_EXTENSIONS = GL_EXT_blend_minmax GL_EXT_blend_subtract GL_EXT_blend_color GL_EXT_abgr GL_EXT_texture3D GL_EXT_clip_volume_hint GL_EXT_compiled_vertex_array GL_SGIS_texture_edge_clamp GL_SGIS_generate_mipmap GL_EXT_draw_range_elements GL_SGIS_texture_lod GL_EXT_rescale_normal GL_EXT_packed_pixels GL_EXT_texture_edge_clamp GL_EXT_separate_specular_color GL_ARB_multitexture GL_ARB_map_buffer_alignment GL_ARB_conservative_depth GL_EXT_texture_env_combine GL_EXT_bgra GL_EXT_blend_func_separate GL_EXT_secondary_color GL_EXT_fog_coord GL_EXT_texture_env_add GL_ARB_texture_cube_map GL_ARB_transpose_matrix GL_ARB_internalformat_query GL_ARB_internalformat_query2 GL_ARB_texture_env_add GL_IBM_texture_mirrored_repeat GL_EXT_multi_draw_arrays GL_SUN_multi_draw_arrays GL_NV_blend_square GL_ARB_texture_compression GL_3DFX_texture_compression_FXT1 GL_EXT_texture_filter_anisotropic GL_ARB_texture_border_clamp GL_ARB_point_parameters GL_ARB_texture_env_combine GL_ARB_texture_env_dot3 GL_ARB_texture_env_crossbar GL_EXT_texture_compression_s3tc GL_ARB_shadow GL_ARB_window_pos GL_EXT_shadow_funcs GL_EXT_stencil_wrap GL_ARB_vertex_program GL_EXT_texture_rectangle GL_ARB_fragment_program GL_EXT_stencil_two_side GL_ATI_separate_stencil GL_ARB_vertex_buffer_object GL_EXT_texture_lod_bias GL_ARB_occlusion_query GL_ARB_fragment_shader GL_ARB_shader_objects GL_ARB_shading_language_100 GL_ARB_texture_non_power_of_two GL_ARB_vertex_shader GL_NV_texgen_reflection GL_ARB_point_sprite GL_ARB_fragment_program_shadow GL_EXT_blend_equation_separate GL_ARB_depth_texture GL_ARB_texture_rectangle GL_ARB_draw_buffers GL_ARB_color_buffer_float GL_ARB_half_float_pixel GL_ARB_texture_float GL_ARB_pixel_buffer_object GL_EXT_framebuffer_object GL_ARB_draw_instanced GL_ARB_half_float_vertex GL_ARB_occlusion_query2 GL_EXT_draw_buffers2 GL_WIN_swap_hint GL_EXT_texture_sRGB GL_ARB_multisample GL_EXT_packed_float GL_EXT_texture_shared_exponent GL_ARB_texture_rg GL_ARB_texture_compression_rgtc GL_NV_conditional_render GL_ARB_texture_swizzle GL_EXT_texture_swizzle GL_ARB_texture_gather GL_ARB_sync GL_ARB_framebuffer_sRGB GL_EXT_packed_depth_stencil GL_ARB_depth_buffer_float GL_EXT_transform_feedback GL_ARB_transform_feedback2 GL_ARB_draw_indirect GL_EXT_framebuffer_blit GL_EXT_framebuffer_multisample GL_ARB_framebuffer_object GL_EXT_texture_array GL_EXT_texture_integer GL_ARB_map_buffer_range GL_ARB_texture_buffer_range GL_EXT_texture_snorm GL_ARB_blend_func_extended GL_INTEL_performance_queries GL_ARB_copy_buffer GL_ARB_sampler_objects GL_NV_primitive_restart GL_ARB_seamless_cube_map GL_ARB_uniform_buffer_object GL_ARB_depth_clamp GL_ARB_vertex_array_bgra GL_ARB_shader_bit_encoding GL_ARB_draw_buffers_blend GL_ARB_geometry_shader4 GL_EXT_geometry_shader4 GL_ARB_texture_query_lod GL_ARB_explicit_attrib_location GL_ARB_draw_elements_base_vertex GL_ARB_instanced_arrays GL_ARB_base_instance GL_ARB_fragment_coord_conventions GL_EXT_gpu_program_parameters GL_ARB_texture_buffer_object_rgb32 GL_ARB_compatibility GL_ARB_texture_rgb10_a2ui GL_ARB_texture_multisample GL_ARB_vertex_type_2_10_10_10_rev GL_ARB_timer_query GL_ARB_tessellation_shader GL_ARB_vertex_array_object GL_ARB_provoking_vertex GL_ARB_sample_shading GL_ARB_texture_cube_map_array GL_EXT_gpu_shader4 GL_ARB_gpu_shader5 GL_ARB_gpu_shader_fp64 GL_INTEL_fragment_shader_ordering GL_EXT_clip_control GL_ARB_shader_subroutine GL_ARB_transform_feedback3 GL_ARB_get_program_binary GL_ARB_separate_shader_objects GL_ARB_shader_precision GL_ARB_vertex_attrib_64bit GL_ARB_viewport_array GL_ARB_transform_feedback_instanced GL_ARB_compressed_texture_pixel_storage GL_ARB_shader_atomic_counters GL_ARB_shading_language_packing GL_ARB_shader_image_load_store GL_ARB_shading_language_420pack GL_ARB_texture_storage GL_EXT_texture_storage GL_ARB_compute_shader GL_ARB_multi_draw_indirect GL_ARB_program_interface_query GL_ARB_shader_storage_buffer_object GL_ARB_debug_output GL_KHR_debug GL_ARB_arrays_of_arrays GL_INTEL_map_texture GL_ARB_texture_compression_bptc GL_ARB_ES2_compatibility GL_ARB_robustness GL_EXT_texture_sRGB_decode 
18:01:19: Supported WGL extensions: WGL_EXT_depth_float WGL_ARB_buffer_region WGL_ARB_extensions_string WGL_ARB_make_current_read WGL_ARB_pixel_format WGL_ARB_pbuffer WGL_EXT_extensions_string WGL_EXT_swap_control WGL_EXT_swap_control_tear WGL_ARB_multisample WGL_ARB_pixel_format_float WGL_ARB_framebuffer_sRGB WGL_ARB_create_context WGL_ARB_create_context_profile WGL_EXT_pixel_format_packed_float WGL_EXT_create_context_es_profile WGL_EXT_create_context_es2_profile WGL_NV_DX_interop WGL_ARB_create_context_robustness 
18:01:19: ***************************
18:01:19: *** GL Renderer Started ***
18:01:19: ***************************
18:01:19: Registering ResourceManager for type GpuProgram
18:01:19: GLSL support detected
18:01:19: GL: Using GL_EXT_framebuffer_object for rendering to textures (best)
18:01:19: FBO PF_UNKNOWN depth/stencil support: D0S1 D0S4 D0S8 D0S16 D16S0 D16S1 D16S4 D16S8 D16S16 D24S0 D24S1 D24S4 D24S8 D24S16 D32S0 D32S1 D32S4 D32S8 D32S16 Packed-D24S8 
18:01:19: FBO PF_A8 depth/stencil support: D0S0 D0S1 D0S4 D0S8 D0S16 D16S0 D16S1 D16S4 D16S8 D16S16 D24S0 D24S1 D24S4 D24S8 D24S16 D32S0 D32S1 D32S4 D32S8 D32S16 Packed-D24S8 
18:01:19: FBO PF_R5G6B5 depth/stencil support: D0S0 D0S1 D0S4 D0S8 D0S16 D16S0 D16S1 D16S4 D16S8 D16S16 D24S0 D24S1 D24S4 D24S8 D24S16 D32S0 D32S1 D32S4 D32S8 D32S16 Packed-D24S8 
18:01:19: FBO PF_B5G6R5 depth/stencil support: D0S0 D0S1 D0S4 D0S8 D0S16 D16S0 D16S1 D16S4 D16S8 D16S16 D24S0 D24S1 D24S4 D24S8 D24S16 D32S0 D32S1 D32S4 D32S8 D32S16 Packed-D24S8 
18:01:19: FBO PF_A4R4G4B4 depth/stencil support: D0S0 D0S1 D0S4 D0S8 D0S16 D16S0 D16S1 D16S4 D16S8 D16S16 D24S0 D24S1 D24S4 D24S8 D24S16 D32S0 D32S1 D32S4 D32S8 D32S16 Packed-D24S8 
18:01:19: FBO PF_A1R5G5B5 depth/stencil support: D0S0 D0S1 D0S4 D0S8 D0S16 D16S0 D16S1 D16S4 D16S8 D16S16 D24S0 D24S1 D24S4 D24S8 D24S16 D32S0 D32S1 D32S4 D32S8 D32S16 Packed-D24S8 
18:01:19: FBO PF_R8G8B8 depth/stencil support: D0S0 D0S1 D0S4 D0S8 D0S16 D16S0 D16S1 D16S4 D16S8 D16S16 D24S0 D24S1 D24S4 D24S8 D24S16 D32S0 D32S1 D32S4 D32S8 D32S16 Packed-D24S8 
18:01:19: FBO PF_B8G8R8 depth/stencil support: D0S0 D0S1 D0S4 D0S8 D0S16 D16S0 D16S1 D16S4 D16S8 D16S16 D24S0 D24S1 D24S4 D24S8 D24S16 D32S0 D32S1 D32S4 D32S8 D32S16 Packed-D24S8 
18:01:19: FBO PF_A8R8G8B8 depth/stencil support: D0S0 D0S1 D0S4 D0S8 D0S16 D16S0 D16S1 D16S4 D16S8 D16S16 D24S0 D24S1 D24S4 D24S8 D24S16 D32S0 D32S1 D32S4 D32S8 D32S16 Packed-D24S8 
18:01:19: FBO PF_B8G8R8A8 depth/stencil support: D0S0 D0S1 D0S4 D0S8 D0S16 D16S0 D16S1 D16S4 D16S8 D16S16 D24S0 D24S1 D24S4 D24S8 D24S16 D32S0 D32S1 D32S4 D32S8 D32S16 Packed-D24S8 
18:01:19: FBO PF_A2R10G10B10 depth/stencil support: D0S0 D0S1 D0S4 D0S8 D0S16 D16S0 D16S1 D16S4 D16S8 D16S16 D24S0 D24S1 D24S4 D24S8 D24S16 D32S0 D32S1 D32S4 D32S8 D32S16 Packed-D24S8 
18:01:19: FBO PF_A2B10G10R10 depth/stencil support: D0S0 D0S1 D0S4 D0S8 D0S16 D16S0 D16S1 D16S4 D16S8 D16S16 D24S0 D24S1 D24S4 D24S8 D24S16 D32S0 D32S1 D32S4 D32S8 D32S16 Packed-D24S8 
18:01:19: FBO PF_FLOAT16_RGB depth/stencil support: D0S0 D0S1 D0S4 D0S8 D0S16 D16S0 D16S1 D16S4 D16S8 D16S16 D24S0 D24S1 D24S4 D24S8 D24S16 D32S0 D32S1 D32S4 D32S8 D32S16 Packed-D24S8 
18:01:19: FBO PF_FLOAT16_RGBA depth/stencil support: D0S0 D0S1 D0S4 D0S8 D0S16 D16S0 D16S1 D16S4 D16S8 D16S16 D24S0 D24S1 D24S4 D24S8 D24S16 D32S0 D32S1 D32S4 D32S8 D32S16 Packed-D24S8 
18:01:19: FBO PF_FLOAT32_RGB depth/stencil support: D0S0 D0S1 D0S4 D0S8 D0S16 D16S0 D16S1 D16S4 D16S8 D16S16 D24S0 D24S1 D24S4 D24S8 D24S16 D32S0 D32S1 D32S4 D32S8 D32S16 Packed-D24S8 
18:01:19: FBO PF_FLOAT32_RGBA depth/stencil support: D0S0 D0S1 D0S4 D0S8 D0S16 D16S0 D16S1 D16S4 D16S8 D16S16 D24S0 D24S1 D24S4 D24S8 D24S16 D32S0 D32S1 D32S4 D32S8 D32S16 Packed-D24S8 
18:01:19: FBO PF_X8R8G8B8 depth/stencil support: D0S0 D0S1 D0S4 D0S8 D0S16 D16S0 D16S1 D16S4 D16S8 D16S16 D24S0 D24S1 D24S4 D24S8 D24S16 D32S0 D32S1 D32S4 D32S8 D32S16 Packed-D24S8 
18:01:19: FBO PF_X8B8G8R8 depth/stencil support: D0S0 D0S1 D0S4 D0S8 D0S16 D16S0 D16S1 D16S4 D16S8 D16S16 D24S0 D24S1 D24S4 D24S8 D24S16 D32S0 D32S1 D32S4 D32S8 D32S16 Packed-D24S8 
18:01:19: FBO PF_SHORT_RGBA depth/stencil support: D0S0 D0S1 D0S4 D0S8 D0S16 D16S0 D16S1 D16S4 D16S8 D16S16 D24S0 D24S1 D24S4 D24S8 D24S16 D32S0 D32S1 D32S4 D32S8 D32S16 Packed-D24S8 
18:01:19: FBO PF_R3G3B2 depth/stencil support: D0S0 D0S1 D0S4 D0S8 D0S16 D16S0 D16S1 D16S4 D16S8 D16S16 D24S0 D24S1 D24S4 D24S8 D24S16 D32S0 D32S1 D32S4 D32S8 D32S16 Packed-D24S8 
18:01:19: FBO PF_SHORT_RGB depth/stencil support: D0S0 D0S1 D0S4 D0S8 D0S16 D16S0 D16S1 D16S4 D16S8 D16S16 D24S0 D24S1 D24S4 D24S8 D24S16 D32S0 D32S1 D32S4 D32S8 D32S16 Packed-D24S8 
18:01:19: [GL] : Valid FBO targets PF_UNKNOWN PF_A8 PF_R5G6B5 PF_B5G6R5 PF_A4R4G4B4 PF_A1R5G5B5 PF_R8G8B8 PF_B8G8R8 PF_A8R8G8B8 PF_B8G8R8A8 PF_A2R10G10B10 PF_A2B10G10R10 PF_FLOAT16_RGB PF_FLOAT16_RGBA PF_FLOAT32_RGB PF_FLOAT32_RGBA PF_X8R8G8B8 PF_X8B8G8R8 PF_SHORT_RGBA PF_R3G3B2 PF_SHORT_RGB 
18:01:19: RenderSystem capabilities
18:01:19: -------------------------
18:01:19: RenderSystem Name: OpenGL Rendering Subsystem
18:01:19: GPU Vendor: intel
18:01:19: Device Name: Intel(R) HD Graphics 4600
18:01:19: Driver Version: 4.2.0.0
18:01:19:  * Fixed function pipeline: yes
18:01:19:  * Hardware generation of mipmaps: no
18:01:19:  * Texture blending: yes
18:01:19:  * Anisotropic texture filtering: yes
18:01:19:  * Dot product texture operation: yes
18:01:19:  * Cube mapping: yes
18:01:19:  * Hardware stencil buffer: yes
18:01:19:    - Stencil depth: 8
18:01:19:    - Two sided stencil support: yes
18:01:19:    - Wrap stencil values: yes
18:01:19:  * Hardware vertex / index buffers: yes
18:01:19:  * 32-bit index buffers: yes
18:01:19:  * Vertex programs: yes
18:01:19:  * Number of floating-point constants for vertex programs: 256
18:01:19:  * Number of integer constants for vertex programs: 0
18:01:19:  * Number of boolean constants for vertex programs: 0
18:01:19:  * Fragment programs: yes
18:01:19:  * Number of floating-point constants for fragment programs: 256
18:01:19:  * Number of integer constants for fragment programs: 0
18:01:19:  * Number of boolean constants for fragment programs: 0
18:01:19:  * Geometry programs: yes
18:01:19:  * Number of floating-point constants for geometry programs: 4096
18:01:19:  * Number of integer constants for geometry programs: 0
18:01:19:  * Number of boolean constants for geometry programs: 0
18:01:19:  * Tesselation Hull programs: no
18:01:19:  * Number of floating-point constants for tesselation hull programs: 12288
18:01:19:  * Number of integer constants for tesselation hull programs: 52224
18:01:19:  * Number of boolean constants for tesselation hull programs: 52428
18:01:19:  * Tesselation Domain programs: no
18:01:19:  * Number of floating-point constants for tesselation domain programs: 52428
18:01:19:  * Number of integer constants for tesselation domain programs: 52428
18:01:20:  * Number of boolean constants for tesselation domain programs: 52428
18:01:20:  * Compute programs: no
18:01:20:  * Number of floating-point constants for compute programs: 52428
18:01:20:  * Number of integer constants for compute programs: 52428
18:01:20:  * Number of boolean constants for compute programs: 0
18:01:20:  * Supported Shader Profiles: arbfp1 arbvp1 glsl glsl100 glsl110 glsl120 gp4gp gpu_gp nvgp4
18:01:20:  * Texture Compression: yes
18:01:20:    - DXT: yes
18:01:20:    - VTC: no
18:01:20:    - PVRTC: no
18:01:20:    - ATC: no
18:01:20:    - ETC1: no
18:01:20:    - ETC2: no
18:01:20:    - BC4/BC5: no
18:01:20:    - BC6H/BC7: no
18:01:20:  * Scissor Rectangle: yes
18:01:20:  * Hardware Occlusion Query: yes
18:01:20:  * User clip planes: yes
18:01:20:  * VET_UBYTE4 vertex element type: yes
18:01:20:  * Infinite far plane projection: yes
18:01:20:  * Hardware render-to-texture: yes
18:01:20:  * Floating point textures: yes
18:01:20:  * Non-power-of-two textures: yes
18:01:20:  * 1d textures: yes
18:01:20:  * Volume textures: yes
18:01:20:  * Multiple Render Targets: 8
18:01:20:    - With different bit depths: yes
18:01:20:  * Point Sprites: yes
18:01:20:  * Extended point parameters: yes
18:01:20:  * Max Point Size: 255
18:01:20:  * Vertex texture fetch: yes
18:01:20:  * Number of world matrices: 0
18:01:20:  * Number of texture units: 16
18:01:20:  * Stencil buffer depth: 8
18:01:20:  * Number of vertex blend matrices: 0
18:01:20:    - Max vertex textures: 32
18:01:20:    - Vertex textures shared: yes
18:01:20:  * Render to Vertex Buffer : no
18:01:20:  * Hardware Atomic Counters: no
18:01:20:  * GL 1.5 without VBO workaround: no
18:01:20:  * Frame Buffer objects: yes
18:01:20:  * Frame Buffer objects (ARB extension): no
18:01:20:  * Frame Buffer objects (ATI extension): no
18:01:20:  * PBuffer support: yes
18:01:20:  * GL 1.5 without HW-occlusion workaround: no
18:01:20:  * Vertex Array Objects: no
18:01:20:  * Separate shader objects: no
18:01:20: DefaultWorkQueue('Root') initialising on thread 1840.
18:01:20: DefaultWorkQueue('Root')::WorkerFunc - thread 320 starting.
18:01:20: DefaultWorkQueue('Root')::WorkerFunc - thread 14e4 starting.
18:01:20: DefaultWorkQueue('Root')::WorkerFunc - thread 18c8 starting.
18:01:20: DefaultWorkQueue('Root')::WorkerFunc - thread 18b8 starting.
18:01:20: DefaultWorkQueue('Root')::WorkerFunc - thread 1fe8 starting.
18:01:20: DefaultWorkQueue('Root')::WorkerFunc - thread 1228 starting.
18:01:20: DefaultWorkQueue('Root')::WorkerFunc - thread 104c starting.
18:01:20: DefaultWorkQueue('Root')::WorkerFunc - thread 1f78 starting.
18:01:20: Particle Renderer Type 'billboard' registered
18:01:20: SceneManagerFactory for type 'OctreeSceneManager' registered.
18:01:20: OverlayElementFactory for type Panel registered.
18:01:20: OverlayElementFactory for type BorderPanel registered.
18:01:20: OverlayElementFactory for type TextArea registered.
18:01:20: Registering ResourceManager for type Font
18:01:20: Added resource location 'resource.zip' of type 'Zip' to resource group 'General'
18:01:20: Added resource location './' of type 'FileSystem' to resource group 'General'
18:01:20: Parsing scripts for resource group Autodetect
18:01:20: Finished parsing scripts for resource group Autodetect
18:01:20: Creating resources for group Autodetect
18:01:20: All done
18:01:20: Parsing scripts for resource group General
18:01:20: Parsing script Dustin.material
18:01:20: Parsing script Information.material
18:01:20: Parsing script KPU_LOGO.material
18:01:20: Parsing script axes.material
18:01:20: Parsing script ninja.material
18:01:20: Parsing script lecture.fontdef
18:01:20: Parsing script Information.overlay
18:01:20: Texture: DebugBG.png: Loading 1 faces(PF_A8R8G8B8,256x128x1) with 8 generated mipmaps from Image. Internal format is PF_A8R8G8B8,256x128x1.
18:01:20: Parsing script KPU_LOGO.overlay
18:01:20: Texture: KPU_LOGO2.png: Loading 1 faces(PF_R8G8B8,164x151x1) with 7 generated mipmaps from Image. Internal format is PF_X8R8G8B8,164x151x1.
18:01:20: Finished parsing scripts for resource group General
18:01:20: Creating resources for group General
18:01:20: All done
18:01:20: Parsing scripts for resource group Internal
18:01:20: Finished parsing scripts for resource group Internal
18:01:20: Creating resources for group Internal
18:01:20: All done
18:01:20: Mesh: Loading axes.mesh.
18:01:20: WARNING: axes.mesh is an older format ([MeshSerializer_v1.30]); you should upgrade it as soon as possible using the OgreMeshUpgrade tool.
18:01:20: Texture: axes.png: Loading 1 faces(PF_R8G8B8,256x256x1) with 8 generated mipmaps from Image. Internal format is PF_X8R8G8B8,256x256x1.
18:01:20: Can't assign material GridPlaneMaterial to the ManualObject GridPlane because this Material does not exist. Have you forgotten to define it in a .material script?
18:01:22: Texture: KPU_LOGO.gif: Loading 1 faces(PF_A8R8G8B8,215x222x1) with 7 generated mipmaps from Image. Internal format is PF_A8R8G8B8,215x222x1.
18:01:22: Mesh: Loading DustinBody.mesh.
18:01:22: Skeleton: Loading DustinBody_mesh.skeleton
18:01:22: WARNING: DustinBody.mesh is an older format ([MeshSerializer_v1.41]); you should upgrade it as soon as possible using the OgreMeshUpgrade tool.
18:01:22: Texture: dustinbody.png: Loading 1 faces(PF_A8R8G8B8,1024x1024x1) with 10 generated mipmaps from Image. Internal format is PF_A8R8G8B8,1024x1024x1.
18:01:22: Texture: DustinFace.png: Loading 1 faces(PF_A8R8G8B8,1024x1024x1) with 10 generated mipmaps from Image. Internal format is PF_A8R8G8B8,1024x1024x1.
18:01:22: Texture: dustinface.png: Loading 1 faces(PF_A8R8G8B8,1024x1024x1) with 10 generated mipmaps from Image. Internal format is PF_A8R8G8B8,1024x1024x1.
18:01:23: Mesh: Loading ninja.mesh.
18:01:23: Skeleton: Loading ninja.skeleton
18:01:23: WARNING: ninja.mesh is an older format ([MeshSerializer_v1.40]); you should upgrade it as soon as possible using the OgreMeshUpgrade tool.
18:01:23: Texture: nskingr.jpg: Loading 1 faces(PF_R8G8B8,512x512x1) with 9 generated mipmaps from Image. Internal format is PF_X8R8G8B8,512x512x1.
18:01:23: OGRE EXCEPTION(7:InternalErrorException): Cannot load GL vertex program Ogre/ShadowExtrudeDirLightFiniteDebug.  Line 297:
Error, line 12: unknown identifier 'R1'.
Error, line 12: invalid destination register.
Error, line 13: unknown identifier 'R1'.
Error, line 13: unknown identifier 'R1'.
Error, line 13: invalid destination register.
Error, line 13: invalid source register.
Error, line 14: unknown identifier 'R1'.
Error, line 14: invalid source register.
 in Ogre/ShadowExtrudeDirLightFiniteDebug at E:\Work\Source\OGRE\RenderSystems\GL\src\OgreGLGpuProgram.cpp (line 251)
18:01:23: Gpu program Ogre/ShadowExtrudeDirLightFiniteDebug encountered an error during loading and is thus not supported.
18:01:23: Texture: spot_shadow_fade.png: Loading 1 faces(PF_R8G8B8,128x128x1) with 7 generated mipmaps from Image. Internal format is PF_X8R8G8B8,128x128x1.
18:01:23: Font Font/NanumBold18 using texture size 4096x4096
18:01:23: Info: Freetype returned null for character 160 in font Font/NanumBold18
18:01:23: Info: Freetype returned null for character 12644 in font Font/NanumBold18
18:01:24: Texture: Font/NanumBold18Texture: Loading 1 faces(PF_BYTE_LA,4096x4096x1) with 0 generated mipmaps from Image. Internal format is PF_BYTE_LA,4096x4096x1.
18:01:25: DefaultWorkQueue('Root') shutting down on thread 1840.
18:01:25: DefaultWorkQueue('Root')::WorkerFunc - thread 1f78 stopped.
18:01:25: DefaultWorkQueue('Root')::WorkerFunc - thread 18c8 stopped.
18:01:25: DefaultWorkQueue('Root')::WorkerFunc - thread 104c stopped.
18:01:25: DefaultWorkQueue('Root')::WorkerFunc - thread 1228 stopped.
18:01:25: DefaultWorkQueue('Root')::WorkerFunc - thread 14e4 stopped.
18:01:25: DefaultWorkQueue('Root')::WorkerFunc - thread 1fe8 stopped.
18:01:25: DefaultWorkQueue('Root')::WorkerFunc - thread 18b8 stopped.
18:01:25: DefaultWorkQueue('Root')::WorkerFunc - thread 320 stopped.
18:01:25: *-*-* OGRE Shutdown
18:01:25: Unregistering ResourceManager for type Compositor
18:01:25: Unregistering ResourceManager for type Skeleton
18:01:25: Unregistering ResourceManager for type Mesh
18:01:25: Unregistering ResourceManager for type HighLevelGpuProgram
18:01:25: Uninstalling plugin: Octree Scene Manager
18:01:25: Plugin successfully uninstalled
18:01:25: Unloading library .\Plugin_OctreeSceneManager_d
18:01:25: Uninstalling plugin: GL RenderSystem
18:01:25: Unregistering ResourceManager for type GpuProgram
18:01:25: *** Stopping Win32GL Subsystem ***
18:01:25: Unregistering ResourceManager for type Texture
18:01:25: Plugin successfully uninstalled
18:01:25: Unloading library .\RenderSystem_GL_d
18:01:25: Unregistering ResourceManager for type Material
